#
# There is insufficient memory for the Java Runtime Environment to continue.
# Native memory allocation (mmap) failed to map 65536 bytes for Failed to commit metaspace.
# Possible reasons:
#   The system is out of physical RAM or swap space
#   The process is running with CompressedOops enabled, and the Java Heap may be blocking the growth of the native heap
# Possible solutions:
#   Reduce memory load on the system
#   Increase physical memory or swap space
#   Check if swap backing store is full
#   Decrease Java heap size (-Xmx/-Xms)
#   Decrease number of Java threads
#   Decrease Java thread stack sizes (-Xss)
#   Set larger code cache with -XX:ReservedCodeCacheSize=
#   JVM is running with Unscaled Compressed Oops mode in which the Java heap is
#     placed in the first 4GB address space. The Java Heap base address is the
#     maximum limit for the native heap growth. Please use -XX:HeapBaseMinAddress
#     to set the Java Heap base and to place the Java Heap above 4GB virtual address.
# This output file may be truncated or incomplete.
#
#  Out of Memory Error (virtualSpaceNode.cpp:110), pid=28032, tid=19544
#
# JRE version: OpenJDK Runtime Environment Temurin-17.0.2+8 (17.0.2+8) (build 17.0.2+8)
# Java VM: OpenJDK 64-Bit Server VM Temurin-17.0.2+8 (17.0.2+8, mixed mode, emulated-client, tiered, compressed oops, compressed class ptrs, g1 gc, windows-amd64)
# No core dump will be written. Minidumps are not enabled by default on client versions of Windows
#

---------------  S U M M A R Y ------------

Command Line: -Dcom.sun.management.jmxremote -Dcom.sun.management.jmxremote.port=52987 -Dcom.sun.management.jmxremote.authenticate=false -Dcom.sun.management.jmxremote.ssl=false -Djava.rmi.server.hostname=localhost -Dspring.jmx.enabled=true -Dspring.application.admin.enabled=true -XX:TieredStopAtLevel=1 -Dspring.boot.project.name=spring-boot-restapi -Dfile.encoding=UTF-8 -XX:+ShowCodeDetailsInExceptionMessages com.studentData.SpringBootRestapiApplication --spring.output.ansi.enabled=always

Host: Intel(R) Core(TM) i5-8250U CPU @ 1.60GHz, 8 cores, 7G,  Windows 10 , 64 bit Build 19041 (10.0.19041.1706)
Time: Mon Jun 13 12:46:07 2022 India Standard Time elapsed time: 2.595715 seconds (0d 0h 0m 2s)

---------------  T H R E A D  ---------------

Current thread (0x000001c7ae677b80):  JavaThread "main" [_thread_in_vm, id=19544, stack(0x000000811c400000,0x000000811c500000)]

Stack: [0x000000811c400000,0x000000811c500000]
Native frames: (J=compiled Java code, j=interpreted, Vv=VM code, C=native code)
V  [jvm.dll+0x67564a]
V  [jvm.dll+0x82fc04]
V  [jvm.dll+0x8313ae]
V  [jvm.dll+0x831a13]
V  [jvm.dll+0x245235]
V  [jvm.dll+0x82bbab]
V  [jvm.dll+0x61a336]
V  [jvm.dll+0x1c016e]
V  [jvm.dll+0x61cc81]
V  [jvm.dll+0x61acd6]
V  [jvm.dll+0x624a37]
V  [jvm.dll+0x1e9eab]
V  [jvm.dll+0x1ea3e5]
V  [jvm.dll+0x1eae1f]
V  [jvm.dll+0x1e02c1]
V  [jvm.dll+0x53b6e0]
V  [jvm.dll+0x7aaf0d]
V  [jvm.dll+0x7aae6a]
V  [jvm.dll+0x40c994]
V  [jvm.dll+0x42029b]
C  [java.dll+0x1657]

Java frames: (J=compiled Java code, j=interpreted, Vv=VM code)
J 1450  java.lang.ClassLoader.defineClass0(Ljava/lang/ClassLoader;Ljava/lang/Class;Ljava/lang/String;[BIILjava/security/ProtectionDomain;ZILjava/lang/Object;)Ljava/lang/Class; java.base@17.0.2 (0 bytes) @ 0x000001c7b21fb689 [0x000001c7b21fb5a0+0x00000000000000e9]
J 1449 c1 java.lang.System$2.defineClass(Ljava/lang/ClassLoader;Ljava/lang/Class;Ljava/lang/String;[BLjava/security/ProtectionDomain;ZILjava/lang/Object;)Ljava/lang/Class; java.base@17.0.2 (21 bytes) @ 0x000001c7b21fc78c [0x000001c7b21fc720+0x000000000000006c]
J 1448 c1 java.lang.invoke.MethodHandles$Lookup$ClassDefiner.defineClass(ZLjava/lang/Object;)Ljava/lang/Class; java.base@17.0.2 (97 bytes) @ 0x000001c7b21fd684 [0x000001c7b21fd380+0x0000000000000304]
j  java.lang.invoke.MethodHandles$Lookup$ClassDefiner.defineClassAsLookup(Z)Ljava/lang/invoke/MethodHandles$Lookup;+3 java.base@17.0.2
j  java.lang.invoke.MethodHandles$Lookup.defineHiddenClass([BZ[Ljava/lang/invoke/MethodHandles$Lookup$ClassOption;)Ljava/lang/invoke/MethodHandles$Lookup;+65 java.base@17.0.2
j  java.lang.invoke.InnerClassLambdaMetafactory.generateInnerClass()Ljava/lang/Class;+580 java.base@17.0.2
j  java.lang.invoke.InnerClassLambdaMetafactory.spinInnerClass()Ljava/lang/Class;+107 java.base@17.0.2
j  java.lang.invoke.InnerClassLambdaMetafactory.buildCallSite()Ljava/lang/invoke/CallSite;+1 java.base@17.0.2
j  java.lang.invoke.LambdaMetafactory.metafactory(Ljava/lang/invoke/MethodHandles$Lookup;Ljava/lang/String;Ljava/lang/invoke/MethodType;Ljava/lang/invoke/MethodType;Ljava/lang/invoke/MethodHandle;Ljava/lang/invoke/MethodType;)Ljava/lang/invoke/CallSite;+67 java.base@17.0.2
j  java.lang.invoke.LambdaForm$DMH+0x00000001001ac000.invokeStatic(Ljava/lang/Object;Ljava/lang/Object;Ljava/lang/Object;Ljava/lang/Object;Ljava/lang/Object;Ljava/lang/Object;Ljava/lang/Object;)Ljava/lang/Object;+27 java.base@17.0.2
j  java.lang.invoke.Invokers$Holder.invokeExact_MT(Ljava/lang/Object;Ljava/lang/Object;Ljava/lang/Object;Ljava/lang/Object;Ljava/lang/Object;Ljava/lang/Object;Ljava/lang/Object;Ljava/lang/Object;)Ljava/lang/Object;+28 java.base@17.0.2
j  java.lang.invoke.BootstrapMethodInvoker.invoke(Ljava/lang/Class;Ljava/lang/invoke/MethodHandle;Ljava/lang/String;Ljava/lang/Object;Ljava/lang/Object;Ljava/lang/Class;)Ljava/lang/Object;+319 java.base@17.0.2
j  java.lang.invoke.CallSite.makeSite(Ljava/lang/invoke/MethodHandle;Ljava/lang/String;Ljava/lang/invoke/MethodType;Ljava/lang/Object;Ljava/lang/Class;)Ljava/lang/invoke/CallSite;+8 java.base@17.0.2
j  java.lang.invoke.MethodHandleNatives.linkCallSiteImpl(Ljava/lang/Class;Ljava/lang/invoke/MethodHandle;Ljava/lang/String;Ljava/lang/invoke/MethodType;Ljava/lang/Object;[Ljava/lang/Object;)Ljava/lang/invoke/MemberName;+6 java.base@17.0.2
j  java.lang.invoke.MethodHandleNatives.linkCallSite(Ljava/lang/Object;ILjava/lang/Object;Ljava/lang/Object;Ljava/lang/Object;Ljava/lang/Object;[Ljava/lang/Object;)Ljava/lang/invoke/MemberName;+46 java.base@17.0.2
v  ~StubRoutines::call_stub
j  org.springframework.boot.context.config.LocationResourceLoader.validatePattern(Ljava/lang/String;Lorg/springframework/boot/context/config/LocationResourceLoader$ResourceType;)V+29
j  org.springframework.boot.context.config.LocationResourceLoader.getResources(Ljava/lang/String;Lorg/springframework/boot/context/config/LocationResourceLoader$ResourceType;)[Lorg/springframework/core/io/Resource;+3
j  org.springframework.boot.context.config.StandardConfigDataLocationResolver.resolvePattern(Lorg/springframework/boot/context/config/StandardConfigDataReference;)Ljava/util/List;+19
j  org.springframework.boot.context.config.StandardConfigDataLocationResolver.resolve(Lorg/springframework/boot/context/config/StandardConfigDataReference;)Ljava/util/List;+22
j  org.springframework.boot.context.config.StandardConfigDataLocationResolver.resolve(Ljava/util/Set;)Ljava/util/List;+39
j  org.springframework.boot.context.config.StandardConfigDataLocationResolver.resolve(Lorg/springframework/boot/context/config/ConfigDataLocationResolverContext;Lorg/springframework/boot/context/config/ConfigDataLocation;)Ljava/util/List;+10
j  org.springframework.boot.context.config.ConfigDataLocationResolvers.lambda$resolve$1(Lorg/springframework/boot/context/config/ConfigDataLocationResolver;Lorg/springframework/boot/context/config/ConfigDataLocationResolverContext;Lorg/springframework/boot/context/config/ConfigDataLocation;)Ljava/util/List;+3
j  org.springframework.boot.context.config.ConfigDataLocationResolvers$$Lambda$214+0x00000001002264d8.get()Ljava/lang/Object;+12
j  org.springframework.boot.context.config.ConfigDataLocationResolvers.resolve(Lorg/springframework/boot/context/config/ConfigDataLocation;ZLjava/util/function/Supplier;)Ljava/util/List;+2
j  org.springframework.boot.context.config.ConfigDataLocationResolvers.resolve(Lorg/springframework/boot/context/config/ConfigDataLocationResolver;Lorg/springframework/boot/context/config/ConfigDataLocationResolverContext;Lorg/springframework/boot/context/config/ConfigDataLocation;Lorg/springframework/boot/context/config/Profiles;)Ljava/util/List;+11
j  org.springframework.boot.context.config.ConfigDataLocationResolvers.resolve(Lorg/springframework/boot/context/config/ConfigDataLocationResolverContext;Lorg/springframework/boot/context/config/ConfigDataLocation;Lorg/springframework/boot/context/config/Profiles;)Ljava/util/List;+59
j  org.springframework.boot.context.config.ConfigDataImporter.resolve(Lorg/springframework/boot/context/config/ConfigDataLocationResolverContext;Lorg/springframework/boot/context/config/Profiles;Lorg/springframework/boot/context/config/ConfigDataLocation;)Ljava/util/List;+7
j  org.springframework.boot.context.config.ConfigDataImporter.resolve(Lorg/springframework/boot/context/config/ConfigDataLocationResolverContext;Lorg/springframework/boot/context/config/Profiles;Ljava/util/List;)Ljava/util/List;+52
j  org.springframework.boot.context.config.ConfigDataImporter.resolveAndLoad(Lorg/springframework/boot/context/config/ConfigDataActivationContext;Lorg/springframework/boot/context/config/ConfigDataLocationResolverContext;Lorg/springframework/boot/context/config/ConfigDataLoaderContext;Ljava/util/List;)Ljava/util/Map;+20
j  org.springframework.boot.context.config.ConfigDataEnvironmentContributors.withProcessedImports(Lorg/springframework/boot/context/config/ConfigDataImporter;Lorg/springframework/boot/context/config/ConfigDataActivationContext;)Lorg/springframework/boot/context/config/ConfigDataEnvironmentContributors;+181
j  org.springframework.boot.context.config.ConfigDataEnvironment.processInitial(Lorg/springframework/boot/context/config/ConfigDataEnvironmentContributors;Lorg/springframework/boot/context/config/ConfigDataImporter;)Lorg/springframework/boot/context/config/ConfigDataEnvironmentContributors;+14
j  org.springframework.boot.context.config.ConfigDataEnvironment.processAndApply()V+42
j  org.springframework.boot.context.config.ConfigDataEnvironmentPostProcessor.postProcessEnvironment(Lorg/springframework/core/env/ConfigurableEnvironment;Lorg/springframework/core/io/ResourceLoader;Ljava/util/Collection;)V+34
j  org.springframework.boot.context.config.ConfigDataEnvironmentPostProcessor.postProcessEnvironment(Lorg/springframework/core/env/ConfigurableEnvironment;Lorg/springframework/boot/SpringApplication;)V+10
j  org.springframework.boot.env.EnvironmentPostProcessorApplicationListener.onApplicationEnvironmentPreparedEvent(Lorg/springframework/boot/context/event/ApplicationEnvironmentPreparedEvent;)V+55
j  org.springframework.boot.env.EnvironmentPostProcessorApplicationListener.onApplicationEvent(Lorg/springframework/context/ApplicationEvent;)V+12
j  org.springframework.context.event.SimpleApplicationEventMulticaster.doInvokeListener(Lorg/springframework/context/ApplicationListener;Lorg/springframework/context/ApplicationEvent;)V+2
j  org.springframework.context.event.SimpleApplicationEventMulticaster.invokeListener(Lorg/springframework/context/ApplicationListener;Lorg/springframework/context/ApplicationEvent;)V+34
j  org.springframework.context.event.SimpleApplicationEventMulticaster.multicastEvent(Lorg/springframework/context/ApplicationEvent;Lorg/springframework/core/ResolvableType;)V+83
j  org.springframework.context.event.SimpleApplicationEventMulticaster.multicastEvent(Lorg/springframework/context/ApplicationEvent;)V+7
j  org.springframework.boot.context.event.EventPublishingRunListener.environmentPrepared(Lorg/springframework/boot/ConfigurableBootstrapContext;Lorg/springframework/core/env/ConfigurableEnvironment;)V+21
j  org.springframework.boot.SpringApplicationRunListeners.lambda$environmentPrepared$2(Lorg/springframework/boot/ConfigurableBootstrapContext;Lorg/springframework/core/env/ConfigurableEnvironment;Lorg/springframework/boot/SpringApplicationRunListener;)V+3
j  org.springframework.boot.SpringApplicationRunListeners$$Lambda$164+0x0000000100205318.accept(Ljava/lang/Object;)V+12
j  java.util.ArrayList.forEach(Ljava/util/function/Consumer;)V+46 java.base@17.0.2
j  org.springframework.boot.SpringApplicationRunListeners.doWithListeners(Ljava/lang/String;Ljava/util/function/Consumer;Ljava/util/function/Consumer;)V+17
j  org.springframework.boot.SpringApplicationRunListeners.doWithListeners(Ljava/lang/String;Ljava/util/function/Consumer;)V+4
j  org.springframework.boot.SpringApplicationRunListeners.environmentPrepared(Lorg/springframework/boot/ConfigurableBootstrapContext;Lorg/springframework/core/env/ConfigurableEnvironment;)V+10
j  org.springframework.boot.SpringApplication.prepareEnvironment(Lorg/springframework/boot/SpringApplicationRunListeners;Lorg/springframework/boot/DefaultBootstrapContext;Lorg/springframework/boot/ApplicationArguments;)Lorg/springframework/core/env/ConfigurableEnvironment;+27
j  org.springframework.boot.SpringApplication.run([Ljava/lang/String;)Lorg/springframework/context/ConfigurableApplicationContext;+52
j  org.springframework.boot.SpringApplication.run([Ljava/lang/Class;[Ljava/lang/String;)Lorg/springframework/context/ConfigurableApplicationContext;+9
j  org.springframework.boot.SpringApplication.run(Ljava/lang/Class;[Ljava/lang/String;)Lorg/springframework/context/ConfigurableApplicationContext;+9
j  com.studentData.SpringBootRestapiApplication.main([Ljava/lang/String;)V+3
v  ~StubRoutines::call_stub

---------------  P R O C E S S  ---------------

Threads class SMR info:
_java_thread_list=0x000001c7ae74b3c0, length=21, elements={
0x000001c7ae677b80, 0x000001c7bc443250, 0x000001c7bc446ff0, 0x000001c7bc467280,
0x000001c7bc469f10, 0x000001c7bc46b7e0, 0x000001c7bd001b00, 0x000001c7bd009fe0,
0x000001c7bd00a8e0, 0x000001c7bd14c020, 0x000001c7bc3adf20, 0x000001c7bc3ae430,
0x000001c7bc3ae940, 0x000001c7bd1fe010, 0x000001c7bd649de0, 0x000001c7bd64f430,
0x000001c7bd65c700, 0x000001c7bd692d50, 0x000001c7bd693220, 0x000001c7bd693af0,
0x000001c7bd69a060
}

Java Threads: ( => current thread )
=>0x000001c7ae677b80 JavaThread "main" [_thread_in_vm, id=19544, stack(0x000000811c400000,0x000000811c500000)]
  0x000001c7bc443250 JavaThread "Reference Handler" daemon [_thread_blocked, id=27664, stack(0x000000811cb00000,0x000000811cc00000)]
  0x000001c7bc446ff0 JavaThread "Finalizer" daemon [_thread_blocked, id=15912, stack(0x000000811cc00000,0x000000811cd00000)]
  0x000001c7bc467280 JavaThread "Signal Dispatcher" daemon [_thread_blocked, id=28528, stack(0x000000811cd00000,0x000000811ce00000)]
  0x000001c7bc469f10 JavaThread "Attach Listener" daemon [_thread_blocked, id=28132, stack(0x000000811ce00000,0x000000811cf00000)]
  0x000001c7bc46b7e0 JavaThread "Service Thread" daemon [_thread_blocked, id=27660, stack(0x000000811cf00000,0x000000811d000000)]
  0x000001c7bd001b00 JavaThread "Monitor Deflation Thread" daemon [_thread_blocked, id=15020, stack(0x000000811d000000,0x000000811d100000)]
  0x000001c7bd009fe0 JavaThread "C1 CompilerThread0" daemon [_thread_blocked, id=23880, stack(0x000000811d100000,0x000000811d200000)]
  0x000001c7bd00a8e0 JavaThread "Sweeper thread" daemon [_thread_blocked, id=18584, stack(0x000000811d200000,0x000000811d300000)]
  0x000001c7bd14c020 JavaThread "Common-Cleaner" daemon [_thread_blocked, id=28664, stack(0x000000811d300000,0x000000811d400000)]
  0x000001c7bc3adf20 JavaThread "C1 CompilerThread1" daemon [_thread_blocked, id=27760, stack(0x000000811d400000,0x000000811d500000)]
  0x000001c7bc3ae430 JavaThread "C1 CompilerThread2" daemon [_thread_blocked, id=11652, stack(0x000000811d500000,0x000000811d600000)]
  0x000001c7bc3ae940 JavaThread "C1 CompilerThread3" daemon [_thread_blocked, id=15680, stack(0x000000811d600000,0x000000811d700000)]
  0x000001c7bd1fe010 JavaThread "Notification Thread" daemon [_thread_blocked, id=5268, stack(0x000000811d700000,0x000000811d800000)]
  0x000001c7bd649de0 JavaThread "RMI TCP Accept-0" daemon [_thread_in_native, id=28124, stack(0x000000811d800000,0x000000811d900000)]
  0x000001c7bd64f430 JavaThread "RMI TCP Accept-52987" daemon [_thread_in_native, id=2440, stack(0x000000811d900000,0x000000811da00000)]
  0x000001c7bd65c700 JavaThread "RMI TCP Accept-0" daemon [_thread_in_native, id=28192, stack(0x000000811da00000,0x000000811db00000)]
  0x000001c7bd692d50 JavaThread "RMI TCP Connection(1)-127.0.0.1" daemon [_thread_in_native, id=1276, stack(0x000000811dc00000,0x000000811dd00000)]
  0x000001c7bd693220 JavaThread "RMI Scheduler(0)" daemon [_thread_blocked, id=644, stack(0x000000811dd00000,0x000000811de00000)]
  0x000001c7bd693af0 JavaThread "RMI TCP Connection(2)-127.0.0.1" daemon [_thread_in_native, id=28348, stack(0x000000811de00000,0x000000811df00000)]
  0x000001c7bd69a060 JavaThread "JMX server connection timeout 22" daemon [_thread_blocked, id=27556, stack(0x000000811df00000,0x000000811e000000)]

Other Threads:
  0x000001c7bc42ea30 VMThread "VM Thread" [stack: 0x000000811ca00000,0x000000811cb00000] [id=28320]
  0x000001c7ae678b50 WatcherThread [stack: 0x000000811db00000,0x000000811dc00000] [id=28200]
  0x000001c7ae6ba6e0 GCTaskThread "GC Thread#0" [stack: 0x000000811c500000,0x000000811c600000] [id=28080]
  0x000001c7bda0aff0 GCTaskThread "GC Thread#1" [stack: 0x000000811e000000,0x000000811e100000] [id=22352]
  0x000001c7bda32440 GCTaskThread "GC Thread#2" [stack: 0x000000811e100000,0x000000811e200000] [id=28440]
  0x000001c7bda94890 GCTaskThread "GC Thread#3" [stack: 0x000000811e200000,0x000000811e300000] [id=28404]
  0x000001c7bda94b40 GCTaskThread "GC Thread#4" [stack: 0x000000811e300000,0x000000811e400000] [id=23836]
  0x000001c7bda94df0 GCTaskThread "GC Thread#5" [stack: 0x000000811e400000,0x000000811e500000] [id=28236]
  0x000001c7bda97ee0 GCTaskThread "GC Thread#6" [stack: 0x000000811e500000,0x000000811e600000] [id=27920]
  0x000001c7bda98190 GCTaskThread "GC Thread#7" [stack: 0x000000811e600000,0x000000811e700000] [id=24120]
  0x000001c7ae6cb170 ConcurrentGCThread "G1 Main Marker" [stack: 0x000000811c600000,0x000000811c700000] [id=27968]
  0x000001c7ae6cc230 ConcurrentGCThread "G1 Conc#0" [stack: 0x000000811c700000,0x000000811c800000] [id=28104]
  0x000001c7bc280090 ConcurrentGCThread "G1 Refine#0" [stack: 0x000000811c800000,0x000000811c900000] [id=3672]
  0x000001c7bda48030 ConcurrentGCThread "G1 Refine#1" [stack: 0x000000811e700000,0x000000811e800000] [id=28152]
  0x000001c7bd3887f0 ConcurrentGCThread "G1 Refine#2" [stack: 0x000000811e800000,0x000000811e900000] [id=22192]
  0x000001c7bc2809c0 ConcurrentGCThread "G1 Service" [stack: 0x000000811c900000,0x000000811ca00000] [id=28568]

Threads with active compile tasks:

VM state: not at safepoint (normal execution)

VM Mutex/Monitor currently owned by a thread:  ([mutex/lock_event])
[0x000001c7ae6712e0] Metaspace_lock - owner thread: 0x000001c7ae677b80

Heap address: 0x0000000081e00000, size: 2018 MB, Compressed Oops mode: 32-bit

CDS archive(s) not mapped
Compressed class space mapped at: 0x0000000100000000-0x0000000140000000, reserved size: 1073741824
Narrow klass base: 0x0000000000000000, Narrow klass shift: 3, Narrow klass range: 0x140000000

GC Precious Log:
 CPUs: 8 total, 8 available
 Memory: 8066M
 Large Page Support: Disabled
 NUMA Support: Disabled
 Compressed Oops: Enabled (32-bit)
 Heap Region Size: 1M
 Heap Min Capacity: 8M
 Heap Initial Capacity: 128M
 Heap Max Capacity: 2018M
 Pre-touch: Disabled
 Parallel Workers: 8
 Concurrent Workers: 2
 Concurrent Refinement Workers: 8
 Periodic GC: Disabled

Heap:
 garbage-first heap   total 131072K, used 10539K [0x0000000081e00000, 0x0000000100000000)
  region size 1024K, 9 young (9216K), 3 survivors (3072K)
 Metaspace       used 18205K, committed 18368K, reserved 1073152K
  class space    used 2018K, committed 2112K, reserved 1048576K

Heap Regions: E=young(eden), S=young(survivor), O=old, HS=humongous(starts), HC=humongous(continues), CS=collection set, F=free, OA=open archive, CA=closed archive, TAMS=top-at-mark-start (previous, next)
|   0|0x0000000081e00000, 0x0000000081f00000, 0x0000000081f00000|100%| O|  |TAMS 0x0000000081e00000, 0x0000000081e00000| Untracked 
|   1|0x0000000081f00000, 0x0000000082000000, 0x0000000082000000|100%| O|  |TAMS 0x0000000081f00000, 0x0000000081f00000| Untracked 
|   2|0x0000000082000000, 0x000000008204ac00, 0x0000000082100000| 29%| O|  |TAMS 0x0000000082000000, 0x0000000082000000| Untracked 
|   3|0x0000000082100000, 0x0000000082100000, 0x0000000082200000|  0%| F|  |TAMS 0x0000000082100000, 0x0000000082100000| Untracked 
|   4|0x0000000082200000, 0x0000000082200000, 0x0000000082300000|  0%| F|  |TAMS 0x0000000082200000, 0x0000000082200000| Untracked 
|   5|0x0000000082300000, 0x0000000082300000, 0x0000000082400000|  0%| F|  |TAMS 0x0000000082300000, 0x0000000082300000| Untracked 
|   6|0x0000000082400000, 0x0000000082400000, 0x0000000082500000|  0%| F|  |TAMS 0x0000000082400000, 0x0000000082400000| Untracked 
|   7|0x0000000082500000, 0x0000000082500000, 0x0000000082600000|  0%| F|  |TAMS 0x0000000082500000, 0x0000000082500000| Untracked 
|   8|0x0000000082600000, 0x0000000082600000, 0x0000000082700000|  0%| F|  |TAMS 0x0000000082600000, 0x0000000082600000| Untracked 
|   9|0x0000000082700000, 0x0000000082700000, 0x0000000082800000|  0%| F|  |TAMS 0x0000000082700000, 0x0000000082700000| Untracked 
|  10|0x0000000082800000, 0x0000000082800000, 0x0000000082900000|  0%| F|  |TAMS 0x0000000082800000, 0x0000000082800000| Untracked 
|  11|0x0000000082900000, 0x0000000082900000, 0x0000000082a00000|  0%| F|  |TAMS 0x0000000082900000, 0x0000000082900000| Untracked 
|  12|0x0000000082a00000, 0x0000000082a00000, 0x0000000082b00000|  0%| F|  |TAMS 0x0000000082a00000, 0x0000000082a00000| Untracked 
|  13|0x0000000082b00000, 0x0000000082b00000, 0x0000000082c00000|  0%| F|  |TAMS 0x0000000082b00000, 0x0000000082b00000| Untracked 
|  14|0x0000000082c00000, 0x0000000082c00000, 0x0000000082d00000|  0%| F|  |TAMS 0x0000000082c00000, 0x0000000082c00000| Untracked 
|  15|0x0000000082d00000, 0x0000000082d00000, 0x0000000082e00000|  0%| F|  |TAMS 0x0000000082d00000, 0x0000000082d00000| Untracked 
|  16|0x0000000082e00000, 0x0000000082e00000, 0x0000000082f00000|  0%| F|  |TAMS 0x0000000082e00000, 0x0000000082e00000| Untracked 
|  17|0x0000000082f00000, 0x0000000082f00000, 0x0000000083000000|  0%| F|  |TAMS 0x0000000082f00000, 0x0000000082f00000| Untracked 
|  18|0x0000000083000000, 0x0000000083000000, 0x0000000083100000|  0%| F|  |TAMS 0x0000000083000000, 0x0000000083000000| Untracked 
|  19|0x0000000083100000, 0x0000000083100000, 0x0000000083200000|  0%| F|  |TAMS 0x0000000083100000, 0x0000000083100000| Untracked 
|  20|0x0000000083200000, 0x0000000083200000, 0x0000000083300000|  0%| F|  |TAMS 0x0000000083200000, 0x0000000083200000| Untracked 
|  21|0x0000000083300000, 0x0000000083300000, 0x0000000083400000|  0%| F|  |TAMS 0x0000000083300000, 0x0000000083300000| Untracked 
|  22|0x0000000083400000, 0x0000000083400000, 0x0000000083500000|  0%| F|  |TAMS 0x0000000083400000, 0x0000000083400000| Untracked 
|  23|0x0000000083500000, 0x0000000083500000, 0x0000000083600000|  0%| F|  |TAMS 0x0000000083500000, 0x0000000083500000| Untracked 
|  24|0x0000000083600000, 0x0000000083600000, 0x0000000083700000|  0%| F|  |TAMS 0x0000000083600000, 0x0000000083600000| Untracked 
|  25|0x0000000083700000, 0x0000000083700000, 0x0000000083800000|  0%| F|  |TAMS 0x0000000083700000, 0x0000000083700000| Untracked 
|  26|0x0000000083800000, 0x0000000083800000, 0x0000000083900000|  0%| F|  |TAMS 0x0000000083800000, 0x0000000083800000| Untracked 
|  27|0x0000000083900000, 0x0000000083900000, 0x0000000083a00000|  0%| F|  |TAMS 0x0000000083900000, 0x0000000083900000| Untracked 
|  28|0x0000000083a00000, 0x0000000083a00000, 0x0000000083b00000|  0%| F|  |TAMS 0x0000000083a00000, 0x0000000083a00000| Untracked 
|  29|0x0000000083b00000, 0x0000000083b00000, 0x0000000083c00000|  0%| F|  |TAMS 0x0000000083b00000, 0x0000000083b00000| Untracked 
|  30|0x0000000083c00000, 0x0000000083c00000, 0x0000000083d00000|  0%| F|  |TAMS 0x0000000083c00000, 0x0000000083c00000| Untracked 
|  31|0x0000000083d00000, 0x0000000083d00000, 0x0000000083e00000|  0%| F|  |TAMS 0x0000000083d00000, 0x0000000083d00000| Untracked 
|  32|0x0000000083e00000, 0x0000000083e00000, 0x0000000083f00000|  0%| F|  |TAMS 0x0000000083e00000, 0x0000000083e00000| Untracked 
|  33|0x0000000083f00000, 0x0000000083f00000, 0x0000000084000000|  0%| F|  |TAMS 0x0000000083f00000, 0x0000000083f00000| Untracked 
|  34|0x0000000084000000, 0x0000000084000000, 0x0000000084100000|  0%| F|  |TAMS 0x0000000084000000, 0x0000000084000000| Untracked 
|  35|0x0000000084100000, 0x0000000084100000, 0x0000000084200000|  0%| F|  |TAMS 0x0000000084100000, 0x0000000084100000| Untracked 
|  36|0x0000000084200000, 0x0000000084200000, 0x0000000084300000|  0%| F|  |TAMS 0x0000000084200000, 0x0000000084200000| Untracked 
|  37|0x0000000084300000, 0x0000000084300000, 0x0000000084400000|  0%| F|  |TAMS 0x0000000084300000, 0x0000000084300000| Untracked 
|  38|0x0000000084400000, 0x0000000084400000, 0x0000000084500000|  0%| F|  |TAMS 0x0000000084400000, 0x0000000084400000| Untracked 
|  39|0x0000000084500000, 0x0000000084500000, 0x0000000084600000|  0%| F|  |TAMS 0x0000000084500000, 0x0000000084500000| Untracked 
|  40|0x0000000084600000, 0x0000000084600000, 0x0000000084700000|  0%| F|  |TAMS 0x0000000084600000, 0x0000000084600000| Untracked 
|  41|0x0000000084700000, 0x0000000084700000, 0x0000000084800000|  0%| F|  |TAMS 0x0000000084700000, 0x0000000084700000| Untracked 
|  42|0x0000000084800000, 0x0000000084800000, 0x0000000084900000|  0%| F|  |TAMS 0x0000000084800000, 0x0000000084800000| Untracked 
|  43|0x0000000084900000, 0x0000000084900000, 0x0000000084a00000|  0%| F|  |TAMS 0x0000000084900000, 0x0000000084900000| Untracked 
|  44|0x0000000084a00000, 0x0000000084a00000, 0x0000000084b00000|  0%| F|  |TAMS 0x0000000084a00000, 0x0000000084a00000| Untracked 
|  45|0x0000000084b00000, 0x0000000084b00000, 0x0000000084c00000|  0%| F|  |TAMS 0x0000000084b00000, 0x0000000084b00000| Untracked 
|  46|0x0000000084c00000, 0x0000000084c00000, 0x0000000084d00000|  0%| F|  |TAMS 0x0000000084c00000, 0x0000000084c00000| Untracked 
|  47|0x0000000084d00000, 0x0000000084d00000, 0x0000000084e00000|  0%| F|  |TAMS 0x0000000084d00000, 0x0000000084d00000| Untracked 
|  48|0x0000000084e00000, 0x0000000084e00000, 0x0000000084f00000|  0%| F|  |TAMS 0x0000000084e00000, 0x0000000084e00000| Untracked 
|  49|0x0000000084f00000, 0x0000000084f00000, 0x0000000085000000|  0%| F|  |TAMS 0x0000000084f00000, 0x0000000084f00000| Untracked 
|  50|0x0000000085000000, 0x0000000085000000, 0x0000000085100000|  0%| F|  |TAMS 0x0000000085000000, 0x0000000085000000| Untracked 
|  51|0x0000000085100000, 0x0000000085100000, 0x0000000085200000|  0%| F|  |TAMS 0x0000000085100000, 0x0000000085100000| Untracked 
|  52|0x0000000085200000, 0x0000000085200000, 0x0000000085300000|  0%| F|  |TAMS 0x0000000085200000, 0x0000000085200000| Untracked 
|  53|0x0000000085300000, 0x0000000085300000, 0x0000000085400000|  0%| F|  |TAMS 0x0000000085300000, 0x0000000085300000| Untracked 
|  54|0x0000000085400000, 0x0000000085400000, 0x0000000085500000|  0%| F|  |TAMS 0x0000000085400000, 0x0000000085400000| Untracked 
|  55|0x0000000085500000, 0x0000000085500000, 0x0000000085600000|  0%| F|  |TAMS 0x0000000085500000, 0x0000000085500000| Untracked 
|  56|0x0000000085600000, 0x0000000085600000, 0x0000000085700000|  0%| F|  |TAMS 0x0000000085600000, 0x0000000085600000| Untracked 
|  57|0x0000000085700000, 0x0000000085700000, 0x0000000085800000|  0%| F|  |TAMS 0x0000000085700000, 0x0000000085700000| Untracked 
|  58|0x0000000085800000, 0x0000000085800000, 0x0000000085900000|  0%| F|  |TAMS 0x0000000085800000, 0x0000000085800000| Untracked 
|  59|0x0000000085900000, 0x0000000085900000, 0x0000000085a00000|  0%| F|  |TAMS 0x0000000085900000, 0x0000000085900000| Untracked 
|  60|0x0000000085a00000, 0x0000000085a00000, 0x0000000085b00000|  0%| F|  |TAMS 0x0000000085a00000, 0x0000000085a00000| Untracked 
|  61|0x0000000085b00000, 0x0000000085b00000, 0x0000000085c00000|  0%| F|  |TAMS 0x0000000085b00000, 0x0000000085b00000| Untracked 
|  62|0x0000000085c00000, 0x0000000085c00000, 0x0000000085d00000|  0%| F|  |TAMS 0x0000000085c00000, 0x0000000085c00000| Untracked 
|  63|0x0000000085d00000, 0x0000000085d00000, 0x0000000085e00000|  0%| F|  |TAMS 0x0000000085d00000, 0x0000000085d00000| Untracked 
|  64|0x0000000085e00000, 0x0000000085e00000, 0x0000000085f00000|  0%| F|  |TAMS 0x0000000085e00000, 0x0000000085e00000| Untracked 
|  65|0x0000000085f00000, 0x0000000085f00000, 0x0000000086000000|  0%| F|  |TAMS 0x0000000085f00000, 0x0000000085f00000| Untracked 
|  66|0x0000000086000000, 0x0000000086000000, 0x0000000086100000|  0%| F|  |TAMS 0x0000000086000000, 0x0000000086000000| Untracked 
|  67|0x0000000086100000, 0x0000000086100000, 0x0000000086200000|  0%| F|  |TAMS 0x0000000086100000, 0x0000000086100000| Untracked 
|  68|0x0000000086200000, 0x0000000086200000, 0x0000000086300000|  0%| F|  |TAMS 0x0000000086200000, 0x0000000086200000| Untracked 
|  69|0x0000000086300000, 0x0000000086300000, 0x0000000086400000|  0%| F|  |TAMS 0x0000000086300000, 0x0000000086300000| Untracked 
|  70|0x0000000086400000, 0x0000000086400000, 0x0000000086500000|  0%| F|  |TAMS 0x0000000086400000, 0x0000000086400000| Untracked 
|  71|0x0000000086500000, 0x0000000086500000, 0x0000000086600000|  0%| F|  |TAMS 0x0000000086500000, 0x0000000086500000| Untracked 
|  72|0x0000000086600000, 0x0000000086600000, 0x0000000086700000|  0%| F|  |TAMS 0x0000000086600000, 0x0000000086600000| Untracked 
|  73|0x0000000086700000, 0x0000000086700000, 0x0000000086800000|  0%| F|  |TAMS 0x0000000086700000, 0x0000000086700000| Untracked 
|  74|0x0000000086800000, 0x0000000086800000, 0x0000000086900000|  0%| F|  |TAMS 0x0000000086800000, 0x0000000086800000| Untracked 
|  75|0x0000000086900000, 0x0000000086900000, 0x0000000086a00000|  0%| F|  |TAMS 0x0000000086900000, 0x0000000086900000| Untracked 
|  76|0x0000000086a00000, 0x0000000086a00000, 0x0000000086b00000|  0%| F|  |TAMS 0x0000000086a00000, 0x0000000086a00000| Untracked 
|  77|0x0000000086b00000, 0x0000000086b00000, 0x0000000086c00000|  0%| F|  |TAMS 0x0000000086b00000, 0x0000000086b00000| Untracked 
|  78|0x0000000086c00000, 0x0000000086c00000, 0x0000000086d00000|  0%| F|  |TAMS 0x0000000086c00000, 0x0000000086c00000| Untracked 
|  79|0x0000000086d00000, 0x0000000086d00000, 0x0000000086e00000|  0%| F|  |TAMS 0x0000000086d00000, 0x0000000086d00000| Untracked 
|  80|0x0000000086e00000, 0x0000000086e00000, 0x0000000086f00000|  0%| F|  |TAMS 0x0000000086e00000, 0x0000000086e00000| Untracked 
|  81|0x0000000086f00000, 0x0000000086f00000, 0x0000000087000000|  0%| F|  |TAMS 0x0000000086f00000, 0x0000000086f00000| Untracked 
|  82|0x0000000087000000, 0x0000000087000000, 0x0000000087100000|  0%| F|  |TAMS 0x0000000087000000, 0x0000000087000000| Untracked 
|  83|0x0000000087100000, 0x0000000087100000, 0x0000000087200000|  0%| F|  |TAMS 0x0000000087100000, 0x0000000087100000| Untracked 
|  84|0x0000000087200000, 0x0000000087200000, 0x0000000087300000|  0%| F|  |TAMS 0x0000000087200000, 0x0000000087200000| Untracked 
|  85|0x0000000087300000, 0x0000000087300000, 0x0000000087400000|  0%| F|  |TAMS 0x0000000087300000, 0x0000000087300000| Untracked 
|  86|0x0000000087400000, 0x0000000087400000, 0x0000000087500000|  0%| F|  |TAMS 0x0000000087400000, 0x0000000087400000| Untracked 
|  87|0x0000000087500000, 0x0000000087500000, 0x0000000087600000|  0%| F|  |TAMS 0x0000000087500000, 0x0000000087500000| Untracked 
|  88|0x0000000087600000, 0x0000000087600000, 0x0000000087700000|  0%| F|  |TAMS 0x0000000087600000, 0x0000000087600000| Untracked 
|  89|0x0000000087700000, 0x0000000087700000, 0x0000000087800000|  0%| F|  |TAMS 0x0000000087700000, 0x0000000087700000| Untracked 
|  90|0x0000000087800000, 0x0000000087800000, 0x0000000087900000|  0%| F|  |TAMS 0x0000000087800000, 0x0000000087800000| Untracked 
|  91|0x0000000087900000, 0x0000000087900000, 0x0000000087a00000|  0%| F|  |TAMS 0x0000000087900000, 0x0000000087900000| Untracked 
|  92|0x0000000087a00000, 0x0000000087a00000, 0x0000000087b00000|  0%| F|  |TAMS 0x0000000087a00000, 0x0000000087a00000| Untracked 
|  93|0x0000000087b00000, 0x0000000087b00000, 0x0000000087c00000|  0%| F|  |TAMS 0x0000000087b00000, 0x0000000087b00000| Untracked 
|  94|0x0000000087c00000, 0x0000000087c00000, 0x0000000087d00000|  0%| F|  |TAMS 0x0000000087c00000, 0x0000000087c00000| Untracked 
|  95|0x0000000087d00000, 0x0000000087d00000, 0x0000000087e00000|  0%| F|  |TAMS 0x0000000087d00000, 0x0000000087d00000| Untracked 
|  96|0x0000000087e00000, 0x0000000087e00000, 0x0000000087f00000|  0%| F|  |TAMS 0x0000000087e00000, 0x0000000087e00000| Untracked 
|  97|0x0000000087f00000, 0x0000000087f00000, 0x0000000088000000|  0%| F|  |TAMS 0x0000000087f00000, 0x0000000087f00000| Untracked 
|  98|0x0000000088000000, 0x0000000088000000, 0x0000000088100000|  0%| F|  |TAMS 0x0000000088000000, 0x0000000088000000| Untracked 
|  99|0x0000000088100000, 0x0000000088100000, 0x0000000088200000|  0%| F|  |TAMS 0x0000000088100000, 0x0000000088100000| Untracked 
| 100|0x0000000088200000, 0x0000000088200000, 0x0000000088300000|  0%| F|  |TAMS 0x0000000088200000, 0x0000000088200000| Untracked 
| 101|0x0000000088300000, 0x0000000088300000, 0x0000000088400000|  0%| F|  |TAMS 0x0000000088300000, 0x0000000088300000| Untracked 
| 102|0x0000000088400000, 0x0000000088500000, 0x0000000088500000|100%| S|CS|TAMS 0x0000000088400000, 0x0000000088400000| Complete 
| 103|0x0000000088500000, 0x0000000088600000, 0x0000000088600000|100%| S|CS|TAMS 0x0000000088500000, 0x0000000088500000| Complete 
| 104|0x0000000088600000, 0x0000000088700000, 0x0000000088700000|100%| S|CS|TAMS 0x0000000088600000, 0x0000000088600000| Complete 
| 105|0x0000000088700000, 0x0000000088700000, 0x0000000088800000|  0%| F|  |TAMS 0x0000000088700000, 0x0000000088700000| Untracked 
| 106|0x0000000088800000, 0x0000000088800000, 0x0000000088900000|  0%| F|  |TAMS 0x0000000088800000, 0x0000000088800000| Untracked 
| 107|0x0000000088900000, 0x0000000088900000, 0x0000000088a00000|  0%| F|  |TAMS 0x0000000088900000, 0x0000000088900000| Untracked 
| 108|0x0000000088a00000, 0x0000000088a00000, 0x0000000088b00000|  0%| F|  |TAMS 0x0000000088a00000, 0x0000000088a00000| Untracked 
| 109|0x0000000088b00000, 0x0000000088b00000, 0x0000000088c00000|  0%| F|  |TAMS 0x0000000088b00000, 0x0000000088b00000| Untracked 
| 110|0x0000000088c00000, 0x0000000088c00000, 0x0000000088d00000|  0%| F|  |TAMS 0x0000000088c00000, 0x0000000088c00000| Untracked 
| 111|0x0000000088d00000, 0x0000000088d00000, 0x0000000088e00000|  0%| F|  |TAMS 0x0000000088d00000, 0x0000000088d00000| Untracked 
| 112|0x0000000088e00000, 0x0000000088e00000, 0x0000000088f00000|  0%| F|  |TAMS 0x0000000088e00000, 0x0000000088e00000| Untracked 
| 113|0x0000000088f00000, 0x0000000088f00000, 0x0000000089000000|  0%| F|  |TAMS 0x0000000088f00000, 0x0000000088f00000| Untracked 
| 114|0x0000000089000000, 0x0000000089000000, 0x0000000089100000|  0%| F|  |TAMS 0x0000000089000000, 0x0000000089000000| Untracked 
| 115|0x0000000089100000, 0x0000000089100000, 0x0000000089200000|  0%| F|  |TAMS 0x0000000089100000, 0x0000000089100000| Untracked 
| 116|0x0000000089200000, 0x0000000089200000, 0x0000000089300000|  0%| F|  |TAMS 0x0000000089200000, 0x0000000089200000| Untracked 
| 117|0x0000000089300000, 0x0000000089300000, 0x0000000089400000|  0%| F|  |TAMS 0x0000000089300000, 0x0000000089300000| Untracked 
| 118|0x0000000089400000, 0x0000000089400000, 0x0000000089500000|  0%| F|  |TAMS 0x0000000089400000, 0x0000000089400000| Untracked 
| 119|0x0000000089500000, 0x0000000089500000, 0x0000000089600000|  0%| F|  |TAMS 0x0000000089500000, 0x0000000089500000| Untracked 
| 120|0x0000000089600000, 0x0000000089600000, 0x0000000089700000|  0%| F|  |TAMS 0x0000000089600000, 0x0000000089600000| Untracked 
| 121|0x0000000089700000, 0x0000000089700000, 0x0000000089800000|  0%| F|  |TAMS 0x0000000089700000, 0x0000000089700000| Untracked 
| 122|0x0000000089800000, 0x00000000898f9de0, 0x0000000089900000| 97%| E|  |TAMS 0x0000000089800000, 0x0000000089800000| Complete 
| 123|0x0000000089900000, 0x0000000089a00000, 0x0000000089a00000|100%| E|CS|TAMS 0x0000000089900000, 0x0000000089900000| Complete 
| 124|0x0000000089a00000, 0x0000000089b00000, 0x0000000089b00000|100%| E|CS|TAMS 0x0000000089a00000, 0x0000000089a00000| Complete 
| 125|0x0000000089b00000, 0x0000000089c00000, 0x0000000089c00000|100%| E|CS|TAMS 0x0000000089b00000, 0x0000000089b00000| Complete 
| 126|0x0000000089c00000, 0x0000000089d00000, 0x0000000089d00000|100%| E|CS|TAMS 0x0000000089c00000, 0x0000000089c00000| Complete 
| 127|0x0000000089d00000, 0x0000000089e00000, 0x0000000089e00000|100%| E|CS|TAMS 0x0000000089d00000, 0x0000000089d00000| Complete 

Card table byte_map: [0x000001c7b5240000,0x000001c7b5640000] _byte_map_base: 0x000001c7b4e31000

Marking Bits (Prev, Next): (CMBitMap*) 0x000001c7ae6bac00, (CMBitMap*) 0x000001c7ae6bac40
 Prev Bits: [0x000001c7b5a40000, 0x000001c7b79c8000)
 Next Bits: [0x000001c7b79d0000, 0x000001c7b9958000)

Polling page: 0x000001c7ac5e0000

Metaspace:

Usage:
  Non-class:     15.81 MB used.
      Class:      1.97 MB used.
       Both:     17.78 MB used.

Virtual space:
  Non-class space:       24.00 MB reserved,      15.88 MB ( 66%) committed,  3 nodes.
      Class space:        1.00 GB reserved,       2.06 MB ( <1%) committed,  1 nodes.
             Both:        1.02 GB reserved,      17.94 MB (  2%) committed. 

Chunk freelists:
   Non-Class:  3.67 MB
       Class:  1.84 MB
        Both:  5.52 MB

MaxMetaspaceSize: unlimited
CompressedClassSpaceSize: 1.00 GB
Initial GC threshold: 21.00 MB
Current GC threshold: 21.00 MB
CDS: off
MetaspaceReclaimPolicy: balanced
 - commit_granule_bytes: 65536.
 - commit_granule_words: 8192.
 - virtual_space_node_default_size: 1048576.
 - enlarge_chunks_in_place: 1.
 - new_chunks_are_fully_committed: 0.
 - uncommit_free_chunks: 1.
 - use_allocation_guard: 0.
 - handle_deallocations: 1.


Internal statistics:

num_allocs_failed_limit: 0.
num_arena_births: 200.
num_arena_deaths: 0.
num_vsnodes_births: 4.
num_vsnodes_deaths: 0.
num_space_committed: 287.
num_space_uncommitted: 0.
num_chunks_returned_to_freelist: 0.
num_chunks_taken_from_freelist: 429.
num_chunk_merges: 0.
num_chunk_splits: 257.
num_chunks_enlarged: 160.
num_purges: 0.
num_inconsistent_stats: 0.

CodeCache: size=49152Kb used=5036Kb max_used=5036Kb free=44115Kb
 bounds [0x000001c7b1d30000, 0x000001c7b2220000, 0x000001c7b4d30000]
 total_blobs=2009 nmethods=1546 adapters=388
 compilation: enabled
              stopped_count=0, restarted_count=0
 full_count=0

Compilation events (20 events):
Event: 2.536 Thread 0x000001c7bc3ae940 1538       1       org.springframework.boot.context.properties.bind.IndexedElementsBinder$$Lambda$201/0x000000010021f120::test (12 bytes)
Event: 2.537 Thread 0x000001c7bd009fe0 nmethod 1533 0x000001c7b2217a90 code [0x000001c7b2217c40, 0x000001c7b2217e38]
Event: 2.537 Thread 0x000001c7bc3adf20 nmethod 1537 0x000001c7b2217f90 code [0x000001c7b2218120, 0x000001c7b2218238]
Event: 2.537 Thread 0x000001c7bc3adf20 1539       1       java.util.HashMap::isEmpty (13 bytes)
Event: 2.537 Thread 0x000001c7bc3adf20 nmethod 1539 0x000001c7b2218310 code [0x000001c7b22184a0, 0x000001c7b2218578]
Event: 2.537 Thread 0x000001c7bc3ae940 nmethod 1538 0x000001c7b2218610 code [0x000001c7b22187c0, 0x000001c7b22189b8]
Event: 2.537 Thread 0x000001c7bc3ae430 1540       1       java.util.function.BiPredicate$$Lambda$183/0x00000001001d98f8::test (16 bytes)
Event: 2.537 Thread 0x000001c7bd009fe0 1541       1       java.util.function.BiPredicate::lambda$or$2 (28 bytes)
Event: 2.537 Thread 0x000001c7bc3ae940 1545       1       org.springframework.boot.context.properties.source.SystemEnvironmentPropertyMapper::hasDashedEntries (37 bytes)
Event: 2.537 Thread 0x000001c7bc3adf20 1542       1       org.springframework.boot.context.properties.source.SystemEnvironmentPropertyMapper$$Lambda$182/0x000000010020b370::test (16 bytes)
Event: 2.537 Thread 0x000001c7bc3ae430 nmethod 1540 0x000001c7b2218b90 code [0x000001c7b2218d20, 0x000001c7b2218e28]
Event: 2.537 Thread 0x000001c7bc3ae430 1543       1       org.springframework.boot.context.properties.source.SystemEnvironmentPropertyMapper::isAncestorOf (23 bytes)
Event: 2.537 Thread 0x000001c7bd009fe0 nmethod 1541 0x000001c7b2218e90 code [0x000001c7b2219040, 0x000001c7b2219198]
Event: 2.537 Thread 0x000001c7bd009fe0 1544       1       org.springframework.boot.context.properties.source.SystemEnvironmentPropertyMapper::isLegacyAncestorOf (34 bytes)
Event: 2.537 Thread 0x000001c7bc3ae940 nmethod 1545 0x000001c7b2219290 code [0x000001c7b2219460, 0x000001c7b2219668]
Event: 2.537 Thread 0x000001c7bc3ae940 1546       1       org.springframework.boot.context.properties.source.PropertyMapper$$Lambda$177/0x000000010020fad8::test (12 bytes)
Event: 2.538 Thread 0x000001c7bc3adf20 nmethod 1542 0x000001c7b2219810 code [0x000001c7b22199e0, 0x000001c7b2219c88]
Event: 2.538 Thread 0x000001c7bc3ae940 nmethod 1546 0x000001c7b221a710 code [0x000001c7b221a8c0, 0x000001c7b221aaf8]
Event: 2.538 Thread 0x000001c7bc3ae430 nmethod 1543 0x000001c7b2219e90 code [0x000001c7b221a080, 0x000001c7b221a418]
Event: 2.538 Thread 0x000001c7bd009fe0 nmethod 1544 0x000001c7b221ad10 code [0x000001c7b221aee0, 0x000001c7b221b178]

GC Heap History (2 events):
Event: 2.268 GC heap before
{Heap before GC invocations=0 (full 0):
 garbage-first heap   total 131072K, used 23552K [0x0000000081e00000, 0x0000000100000000)
  region size 1024K, 23 young (23552K), 0 survivors (0K)
 Metaspace       used 16708K, committed 16896K, reserved 1064960K
  class space    used 1797K, committed 1856K, reserved 1048576K
}
Event: 2.274 GC heap after
{Heap after GC invocations=1 (full 0):
 garbage-first heap   total 131072K, used 5419K [0x0000000081e00000, 0x0000000100000000)
  region size 1024K, 3 young (3072K), 3 survivors (3072K)
 Metaspace       used 16708K, committed 16896K, reserved 1064960K
  class space    used 1797K, committed 1856K, reserved 1048576K
}

Deoptimization events (2 events):
Event: 1.867 Thread 0x000001c7ae677b80 DEOPT PACKING pc=0x000001c7b206d9f5 sp=0x000000811c4fd720
Event: 1.867 Thread 0x000001c7ae677b80 DEOPT UNPACKING pc=0x000001c7b1d82b43 sp=0x000000811c4fcb78 mode 3

Classes unloaded (0 events):
No events

Classes redefined (0 events):
No events

Internal exceptions (20 events):
Event: 1.167 Thread 0x000001c7bd693af0 Exception <a 'java/lang/ClassNotFoundException'{0x0000000089243ba0}: javax/management/remote/rmi/RMIConnectionImpl_Skel> (0x0000000089243ba0) 
thrown [e:\jenkins\tmp\workspace\build\src\src\hotspot\share\classfile\systemDictionary.cpp, line 256]
Event: 1.308 Thread 0x000001c7bd693af0 Exception <a 'java/lang/reflect/InvocationTargetException'{0x0000000089176f28}> (0x0000000089176f28) 
thrown [e:\jenkins\tmp\workspace\build\src\src\hotspot\share\runtime\reflection.cpp, line 1121]
Event: 1.312 Thread 0x000001c7bd693af0 Exception <a 'java/lang/NoSuchMethodError'{0x00000000891991c0}: static [Ljava/lang/StackTraceElement;.<clinit>()V> (0x00000000891991c0) 
thrown [e:\jenkins\tmp\workspace\build\src\src\hotspot\share\prims\jni.cpp, line 1107]
Event: 1.489 Thread 0x000001c7ae677b80 Exception <a 'java/lang/ClassNotFoundException'{0x00000000890359c8}: javax/smartcardio/CardPermission> (0x00000000890359c8) 
thrown [e:\jenkins\tmp\workspace\build\src\src\hotspot\share\classfile\systemDictionary.cpp, line 256]
Event: 1.492 Thread 0x000001c7ae677b80 Exception <a 'java/io/FileNotFoundException'{0x00000000890442c0}> (0x00000000890442c0) 
thrown [e:\jenkins\tmp\workspace\build\src\src\hotspot\share\prims\jni.cpp, line 516]
Event: 1.776 Thread 0x000001c7ae677b80 Exception <a 'java/lang/NoSuchMethodError'{0x0000000088d1f9f8}: 'java.lang.Object java.lang.invoke.DirectMethodHandle$Holder.invokeSpecialIFC(java.lang.Object, java.lang.Object, java.lang.Object, java.lang.Object)'> (0x0000000088d1f9f8) 
thrown [e:\jenkins\tmp\workspace\build\src\src\hotspot\share\interpreter\linkResolver.cpp, line 766]
Event: 1.820 Thread 0x000001c7ae677b80 Exception <a 'java/lang/NoSuchMethodError'{0x0000000088dbfa88}: 'int java.lang.invoke.DirectMethodHandle$Holder.invokeStaticInit(java.lang.Object, java.lang.Object)'> (0x0000000088dbfa88) 
thrown [e:\jenkins\tmp\workspace\build\src\src\hotspot\share\interpreter\linkResolver.cpp, line 766]
Event: 1.988 Thread 0x000001c7ae677b80 Exception <a 'java/lang/NoSuchMethodError'{0x0000000088beb6c0}: 'int java.lang.invoke.DirectMethodHandle$Holder.invokeStaticInit(java.lang.Object, java.lang.Object, java.lang.Object)'> (0x0000000088beb6c0) 
thrown [e:\jenkins\tmp\workspace\build\src\src\hotspot\share\interpreter\linkResolver.cpp, line 766]
Event: 1.997 Thread 0x000001c7ae677b80 Exception <a 'java/lang/NoSuchMethodError'{0x0000000088a43b00}: 'java.lang.Object java.lang.invoke.DirectMethodHandle$Holder.newInvokeSpecial(java.lang.Object, java.lang.Object, java.lang.Object, java.lang.Object, java.lang.Object)'> (0x0000000088a43b00) 
thrown [e:\jenkins\tmp\workspace\build\src\src\hotspot\share\interpreter\linkResolver.cpp, line 766]
Event: 2.209 Thread 0x000001c7ae677b80 Exception <a 'sun/nio/fs/WindowsException'{0x0000000088831550}> (0x0000000088831550) 
thrown [e:\jenkins\tmp\workspace\build\src\src\hotspot\share\prims\jni.cpp, line 516]
Event: 2.373 Thread 0x000001c7ae677b80 Exception <a 'java/lang/NoSuchMethodError'{0x0000000089c1c128}: 'void java.lang.invoke.DirectMethodHandle$Holder.invokeStatic(java.lang.Object, java.lang.Object, java.lang.Object, java.lang.Object)'> (0x0000000089c1c128) 
thrown [e:\jenkins\tmp\workspace\build\src\src\hotspot\share\interpreter\linkResolver.cpp, line 766]
Event: 2.375 Thread 0x000001c7ae677b80 Exception <a 'java/lang/NoSuchMethodError'{0x0000000089c3b5c0}: 'java.lang.Object java.lang.invoke.Invokers$Holder.invokeExact_MT(java.lang.Object, java.lang.Object, java.lang.Object, java.lang.Object, java.lang.Object, java.lang.Object)'> (0x0000000089c3b5c0) 
thrown [e:\jenkins\tmp\workspace\build\src\src\hotspot\share\interpreter\linkResolver.cpp, line 766]
Event: 2.377 Thread 0x000001c7ae677b80 Exception <a 'java/lang/NoSuchMethodError'{0x0000000089c458b0}: 'void java.lang.invoke.DirectMethodHandle$Holder.invokeStaticInit(java.lang.Object, java.lang.Object, java.lang.Object, java.lang.Object)'> (0x0000000089c458b0) 
thrown [e:\jenkins\tmp\workspace\build\src\src\hotspot\share\interpreter\linkResolver.cpp, line 766]
Event: 2.379 Thread 0x000001c7ae677b80 Exception <a 'java/lang/NoSuchMethodError'{0x0000000089c57858}: 'java.lang.Object java.lang.invoke.DirectMethodHandle$Holder.invokeInterface(java.lang.Object, java.lang.Object, java.lang.Object)'> (0x0000000089c57858) 
thrown [e:\jenkins\tmp\workspace\build\src\src\hotspot\share\interpreter\linkResolver.cpp, line 766]
Event: 2.379 Thread 0x000001c7ae677b80 Exception <a 'java/lang/IncompatibleClassChangeError'{0x0000000089c5b1e0}: Found class java.lang.Object, but interface was expected> (0x0000000089c5b1e0) 
thrown [e:\jenkins\tmp\workspace\build\src\src\hotspot\share\interpreter\linkResolver.cpp, line 833]
Event: 2.467 Thread 0x000001c7ae677b80 Exception <a 'java/lang/NoSuchMethodError'{0x0000000089bbcd08}: 'int java.lang.invoke.DirectMethodHandle$Holder.invokeSpecial(java.lang.Object, java.lang.Object, java.lang.Object, java.lang.Object)'> (0x0000000089bbcd08) 
thrown [e:\jenkins\tmp\workspace\build\src\src\hotspot\share\interpreter\linkResolver.cpp, line 766]
Event: 2.499 Thread 0x000001c7ae677b80 Exception <a 'java/lang/NoSuchMethodError'{0x000000008993a068}: 'java.lang.Object java.lang.invoke.DirectMethodHandle$Holder.newInvokeSpecial(java.lang.Object, java.lang.Object, java.lang.Object, java.lang.Object, java.lang.Object, java.lang.Object)'> (0x000000008993a068) 
thrown [e:\jenkins\tmp\workspace\build\src\src\hotspot\share\interpreter\linkResolver.cpp, line 766]
Event: 2.526 Thread 0x000001c7ae677b80 Exception <a 'java/lang/NoSuchMethodError'{0x00000000899d9360}: 'java.lang.Object java.lang.invoke.DirectMethodHandle$Holder.invokeSpecial(java.lang.Object, java.lang.Object, java.lang.Object, java.lang.Object, java.lang.Object, java.lang.Object, int)'> (0x00000000899d9360) 
thrown [e:\jenkins\tmp\workspace\build\src\src\hotspot\share\interpreter\linkResolver.cpp, line 766]
Event: 2.526 Thread 0x000001c7ae677b80 Exception <a 'java/lang/NoSuchMethodError'{0x00000000899e38c0}: 'java.lang.Object java.lang.invoke.DirectMethodHandle$Holder.newInvokeSpecial(java.lang.Object, java.lang.Object, java.lang.Object, java.lang.Object, java.lang.Object, java.lang.Object, int)'> (0x00000000899e38c0) 
thrown [e:\jenkins\tmp\workspace\build\src\src\hotspot\share\interpreter\linkResolver.cpp, line 766]
Event: 2.526 Thread 0x000001c7ae677b80 Exception <a 'java/lang/NoSuchMethodError'{0x00000000899e8900}: 'java.lang.Object java.lang.invoke.DirectMethodHandle$Holder.invokeSpecial(java.lang.Object, java.lang.Object, java.lang.Object, java.lang.Object, java.lang.Object, java.lang.Object, java.lang.Object, int)'> (0x00000000899e8900) 
thrown [e:\jenkins\tmp\workspace\build\src\src\hotspot\share\interpreter\linkResolver.cpp, line 766]

VM Operations (18 events):
Event: 0.224 Executing VM operation: HandshakeAllThreads
Event: 0.224 Executing VM operation: HandshakeAllThreads done
Event: 0.644 Executing VM operation: HandshakeAllThreads
Event: 0.644 Executing VM operation: HandshakeAllThreads done
Event: 0.763 Executing VM operation: HandshakeAllThreads
Event: 0.763 Executing VM operation: HandshakeAllThreads done
Event: 1.164 Executing VM operation: HandshakeAllThreads
Event: 1.164 Executing VM operation: HandshakeAllThreads done
Event: 1.164 Executing VM operation: Cleanup
Event: 1.165 Executing VM operation: Cleanup done
Event: 1.725 Executing VM operation: HandshakeAllThreads
Event: 1.725 Executing VM operation: HandshakeAllThreads done
Event: 2.210 Executing VM operation: HandshakeAllThreads
Event: 2.210 Executing VM operation: HandshakeAllThreads done
Event: 2.210 Executing VM operation: Cleanup
Event: 2.210 Executing VM operation: Cleanup done
Event: 2.267 Executing VM operation: G1CollectForAllocation
Event: 2.274 Executing VM operation: G1CollectForAllocation done

Events (20 events):
Event: 2.518 loading class java/util/regex/Pattern$Curly
Event: 2.518 loading class java/util/regex/Pattern$Curly done
Event: 2.518 loading class java/util/regex/Pattern$Dollar
Event: 2.519 loading class java/util/regex/Pattern$Dollar done
Event: 2.521 loading class java/util/regex/Pattern$Neg
Event: 2.521 loading class java/util/regex/Pattern$Neg done
Event: 2.525 loading class java/util/stream/StreamSpliterators$WrappingSpliterator
Event: 2.525 loading class java/util/stream/StreamSpliterators$AbstractWrappingSpliterator
Event: 2.525 loading class java/util/stream/StreamSpliterators$AbstractWrappingSpliterator done
Event: 2.525 loading class java/util/stream/StreamSpliterators$WrappingSpliterator done
Event: 2.525 loading class java/util/stream/StreamSpliterators
Event: 2.525 loading class java/util/stream/StreamSpliterators done
Event: 2.525 loading class java/util/function/BooleanSupplier
Event: 2.525 loading class java/util/function/BooleanSupplier done
Event: 2.563 loading class java/util/regex/Matcher
Event: 2.563 loading class java/util/regex/MatchResult
Event: 2.563 loading class java/util/regex/MatchResult done
Event: 2.563 loading class java/util/regex/Matcher done
Event: 2.563 loading class java/util/regex/IntHashSet
Event: 2.563 loading class java/util/regex/IntHashSet done


Dynamic libraries:
0x00007ff779740000 - 0x00007ff77974e000 	C:\Users\pradn\Downloads\sts-4.14.1.RELEASE\plugins\org.eclipse.justj.openjdk.hotspot.jre.full.win32.x86_64_17.0.2.v20220201-1208\jre\bin\javaw.exe
0x00007fffd4e10000 - 0x00007fffd5005000 	C:\WINDOWS\SYSTEM32\ntdll.dll
0x00007fffd39d0000 - 0x00007fffd3a8d000 	C:\WINDOWS\System32\KERNEL32.DLL
0x00007fffd2b20000 - 0x00007fffd2ded000 	C:\WINDOWS\System32\KERNELBASE.dll
0x00007fffd26e0000 - 0x00007fffd27e0000 	C:\WINDOWS\System32\ucrtbase.dll
0x00007fffa0400000 - 0x00007fffa0419000 	C:\Users\pradn\Downloads\sts-4.14.1.RELEASE\plugins\org.eclipse.justj.openjdk.hotspot.jre.full.win32.x86_64_17.0.2.v20220201-1208\jre\bin\VCRUNTIME140.dll
0x00007fffa1360000 - 0x00007fffa1378000 	C:\Users\pradn\Downloads\sts-4.14.1.RELEASE\plugins\org.eclipse.justj.openjdk.hotspot.jre.full.win32.x86_64_17.0.2.v20220201-1208\jre\bin\jli.dll
0x00007fffd3d90000 - 0x00007fffd3f30000 	C:\WINDOWS\System32\USER32.dll
0x00007fffd26b0000 - 0x00007fffd26d2000 	C:\WINDOWS\System32\win32u.dll
0x00007fffd2f80000 - 0x00007fffd2faa000 	C:\WINDOWS\System32\GDI32.dll
0x00007fffc4530000 - 0x00007fffc47ca000 	C:\WINDOWS\WinSxS\amd64_microsoft.windows.common-controls_6595b64144ccf1df_6.0.19041.1110_none_60b5254171f9507e\COMCTL32.dll
0x00007fffd27e0000 - 0x00007fffd28eb000 	C:\WINDOWS\System32\gdi32full.dll
0x00007fffd3f30000 - 0x00007fffd3fce000 	C:\WINDOWS\System32\msvcrt.dll
0x00007fffd2a80000 - 0x00007fffd2b1d000 	C:\WINDOWS\System32\msvcp_win.dll
0x00007fffd3860000 - 0x00007fffd3890000 	C:\WINDOWS\System32\IMM32.DLL
0x00007fffa4700000 - 0x00007fffa470c000 	C:\Users\pradn\Downloads\sts-4.14.1.RELEASE\plugins\org.eclipse.justj.openjdk.hotspot.jre.full.win32.x86_64_17.0.2.v20220201-1208\jre\bin\vcruntime140_1.dll
0x00007fff90a70000 - 0x00007fff90b01000 	C:\Users\pradn\Downloads\sts-4.14.1.RELEASE\plugins\org.eclipse.justj.openjdk.hotspot.jre.full.win32.x86_64_17.0.2.v20220201-1208\jre\bin\msvcp140.dll
0x00007fff641b0000 - 0x00007fff64df7000 	C:\Users\pradn\Downloads\sts-4.14.1.RELEASE\plugins\org.eclipse.justj.openjdk.hotspot.jre.full.win32.x86_64_17.0.2.v20220201-1208\jre\bin\server\jvm.dll
0x00007fffd3010000 - 0x00007fffd30be000 	C:\WINDOWS\System32\ADVAPI32.dll
0x00007fffd4240000 - 0x00007fffd42dc000 	C:\WINDOWS\System32\sechost.dll
0x00007fffd3b00000 - 0x00007fffd3c25000 	C:\WINDOWS\System32\RPCRT4.dll
0x00007fffd39c0000 - 0x00007fffd39c8000 	C:\WINDOWS\System32\PSAPI.DLL
0x00007fffc4c20000 - 0x00007fffc4c47000 	C:\WINDOWS\SYSTEM32\WINMM.dll
0x00007fffcd880000 - 0x00007fffcd88a000 	C:\WINDOWS\SYSTEM32\VERSION.dll
0x00007fffb9b90000 - 0x00007fffb9b99000 	C:\WINDOWS\SYSTEM32\WSOCK32.dll
0x00007fffd3a90000 - 0x00007fffd3afb000 	C:\WINDOWS\System32\WS2_32.dll
0x00007fffd0600000 - 0x00007fffd0612000 	C:\WINDOWS\SYSTEM32\kernel.appcore.dll
0x00007fffa8c70000 - 0x00007fffa8c7a000 	C:\Users\pradn\Downloads\sts-4.14.1.RELEASE\plugins\org.eclipse.justj.openjdk.hotspot.jre.full.win32.x86_64_17.0.2.v20220201-1208\jre\bin\jimage.dll
0x00007fffd0250000 - 0x00007fffd0434000 	C:\WINDOWS\SYSTEM32\DBGHELP.DLL
0x00007fffbb590000 - 0x00007fffbb5bc000 	C:\WINDOWS\SYSTEM32\dbgcore.DLL
0x00007fffd28f0000 - 0x00007fffd2972000 	C:\WINDOWS\System32\bcryptPrimitives.dll
0x00007fffa1ed0000 - 0x00007fffa1ef5000 	C:\Users\pradn\Downloads\sts-4.14.1.RELEASE\plugins\org.eclipse.justj.openjdk.hotspot.jre.full.win32.x86_64_17.0.2.v20220201-1208\jre\bin\java.dll
0x00007fffa6a90000 - 0x00007fffa6aa8000 	C:\Users\pradn\Downloads\sts-4.14.1.RELEASE\plugins\org.eclipse.justj.openjdk.hotspot.jre.full.win32.x86_64_17.0.2.v20220201-1208\jre\bin\zip.dll
0x00007fffd4660000 - 0x00007fffd4da4000 	C:\WINDOWS\System32\SHELL32.dll
0x00007fffd0620000 - 0x00007fffd0db4000 	C:\WINDOWS\SYSTEM32\windows.storage.dll
0x00007fffd42e0000 - 0x00007fffd4634000 	C:\WINDOWS\System32\combase.dll
0x00007fffd1f80000 - 0x00007fffd1fac000 	C:\WINDOWS\SYSTEM32\Wldp.dll
0x00007fffd3890000 - 0x00007fffd393d000 	C:\WINDOWS\System32\SHCORE.dll
0x00007fffd4180000 - 0x00007fffd41d5000 	C:\WINDOWS\System32\shlwapi.dll
0x00007fffd2460000 - 0x00007fffd247f000 	C:\WINDOWS\SYSTEM32\profapi.dll
0x00007fffa3500000 - 0x00007fffa3519000 	C:\Users\pradn\Downloads\sts-4.14.1.RELEASE\plugins\org.eclipse.justj.openjdk.hotspot.jre.full.win32.x86_64_17.0.2.v20220201-1208\jre\bin\net.dll
0x00007fffc4ff0000 - 0x00007fffc50fa000 	C:\WINDOWS\SYSTEM32\WINHTTP.dll
0x00007fffd1c70000 - 0x00007fffd1cda000 	C:\WINDOWS\system32\mswsock.dll
0x00007fffa1430000 - 0x00007fffa1445000 	C:\Users\pradn\Downloads\sts-4.14.1.RELEASE\plugins\org.eclipse.justj.openjdk.hotspot.jre.full.win32.x86_64_17.0.2.v20220201-1208\jre\bin\nio.dll
0x00007fffcdc40000 - 0x00007fffcdc49000 	C:\Users\pradn\Downloads\sts-4.14.1.RELEASE\plugins\org.eclipse.justj.openjdk.hotspot.jre.full.win32.x86_64_17.0.2.v20220201-1208\jre\bin\management.dll
0x00007fffa8ca0000 - 0x00007fffa8cab000 	C:\Users\pradn\Downloads\sts-4.14.1.RELEASE\plugins\org.eclipse.justj.openjdk.hotspot.jre.full.win32.x86_64_17.0.2.v20220201-1208\jre\bin\management_ext.dll
0x00007fffbbd10000 - 0x00007fffbbd27000 	C:\WINDOWS\system32\napinsp.dll
0x00007fffbba90000 - 0x00007fffbbaab000 	C:\WINDOWS\system32\pnrpnsp.dll
0x00007fffbbb10000 - 0x00007fffbbb25000 	C:\WINDOWS\system32\wshbth.dll
0x00007fffd0230000 - 0x00007fffd024d000 	C:\WINDOWS\system32\NLAapi.dll
0x00007fffd1900000 - 0x00007fffd193b000 	C:\WINDOWS\SYSTEM32\IPHLPAPI.DLL
0x00007fffd1990000 - 0x00007fffd1a5b000 	C:\WINDOWS\SYSTEM32\DNSAPI.dll
0x00007fffd4640000 - 0x00007fffd4648000 	C:\WINDOWS\System32\NSI.dll
0x00007fffbbaf0000 - 0x00007fffbbb02000 	C:\WINDOWS\System32\winrnr.dll
0x00007fffc06f0000 - 0x00007fffc06fa000 	C:\Windows\System32\rasadhlp.dll
0x00007fffc27d0000 - 0x00007fffc2850000 	C:\WINDOWS\System32\fwpuclnt.dll
0x00007fffd2680000 - 0x00007fffd26a7000 	C:\WINDOWS\System32\bcrypt.dll
0x00007fffd1e80000 - 0x00007fffd1e98000 	C:\WINDOWS\SYSTEM32\CRYPTSP.dll
0x00007fffd1590000 - 0x00007fffd15c4000 	C:\WINDOWS\system32\rsaenh.dll
0x00007fffd2420000 - 0x00007fffd244e000 	C:\WINDOWS\SYSTEM32\USERENV.dll
0x00007fffd1ea0000 - 0x00007fffd1eac000 	C:\WINDOWS\SYSTEM32\CRYPTBASE.dll
0x00007fffc7070000 - 0x00007fffc7087000 	C:\WINDOWS\SYSTEM32\dhcpcsvc6.DLL
0x00007fffc7ec0000 - 0x00007fffc7edd000 	C:\WINDOWS\SYSTEM32\dhcpcsvc.DLL
0x00007fffa8c60000 - 0x00007fffa8c70000 	C:\Users\pradn\Downloads\sts-4.14.1.RELEASE\plugins\org.eclipse.justj.openjdk.hotspot.jre.full.win32.x86_64_17.0.2.v20220201-1208\jre\bin\verify.dll

dbghelp: loaded successfully - version: 4.0.5 - missing functions: none
symbol engine: initialized successfully - sym options: 0x614 - pdb path: .;C:\Users\pradn\Downloads\sts-4.14.1.RELEASE\plugins\org.eclipse.justj.openjdk.hotspot.jre.full.win32.x86_64_17.0.2.v20220201-1208\jre\bin;C:\WINDOWS\SYSTEM32;C:\WINDOWS\WinSxS\amd64_microsoft.windows.common-controls_6595b64144ccf1df_6.0.19041.1110_none_60b5254171f9507e;C:\Users\pradn\Downloads\sts-4.14.1.RELEASE\plugins\org.eclipse.justj.openjdk.hotspot.jre.full.win32.x86_64_17.0.2.v20220201-1208\jre\bin\server

VM Arguments:
jvm_args: -Dcom.sun.management.jmxremote -Dcom.sun.management.jmxremote.port=52987 -Dcom.sun.management.jmxremote.authenticate=false -Dcom.sun.management.jmxremote.ssl=false -Djava.rmi.server.hostname=localhost -Dspring.jmx.enabled=true -Dspring.application.admin.enabled=true -XX:TieredStopAtLevel=1 -Dspring.boot.project.name=spring-boot-restapi -Dfile.encoding=UTF-8 -XX:+ShowCodeDetailsInExceptionMessages 
java_command: com.studentData.SpringBootRestapiApplication --spring.output.ansi.enabled=always
java_class_path (initial): C:\Users\pradn\Documents\workspace-spring-tool-suite-4-4.14.1.RELEASE\spring-boot-restapi\target\classes;C:\Users\pradn\.m2\repository\org\springframework\boot\spring-boot-starter-web\2.7.0\spring-boot-starter-web-2.7.0.jar;C:\Users\pradn\.m2\repository\org\springframework\boot\spring-boot-starter\2.7.0\spring-boot-starter-2.7.0.jar;C:\Users\pradn\.m2\repository\org\springframework\boot\spring-boot\2.7.0\spring-boot-2.7.0.jar;C:\Users\pradn\.m2\repository\org\springframework\boot\spring-boot-autoconfigure\2.7.0\spring-boot-autoconfigure-2.7.0.jar;C:\Users\pradn\.m2\repository\org\springframework\boot\spring-boot-starter-logging\2.7.0\spring-boot-starter-logging-2.7.0.jar;C:\Users\pradn\.m2\repository\ch\qos\logback\logback-classic\1.2.11\logback-classic-1.2.11.jar;C:\Users\pradn\.m2\repository\ch\qos\logback\logback-core\1.2.11\logback-core-1.2.11.jar;C:\Users\pradn\.m2\repository\org\apache\logging\log4j\log4j-to-slf4j\2.17.2\log4j-to-slf4j-2.17.2.jar;C:\Users\pradn\.m2\repository\org\apache\logging\log4j\log4j-api\2.17.2\log4j-api-2.17.2.jar;C:\Users\pradn\.m2\repository\org\slf4j\jul-to-slf4j\1.7.36\jul-to-slf4j-1.7.36.jar;C:\Users\pradn\.m2\repository\jakarta\annotation\jakarta.annotation-api\1.3.5\jakarta.annotation-api-1.3.5.jar;C:\Users\pradn\.m2\repository\org\yaml\snakeyaml\1.30\snakeyaml-1.30.jar;C:\Users\pradn\.m2\repository\org\springframework\boot\spring-boot-starter-json\2.7.0\spring-boot-starter-json-2.7.0.jar;C:\Users\pradn\.m2\repository\com\fasterxml\jackson\core\jackson-databind\2.13.3\jackson-databind-2.13.3.jar;C:\Users\pradn\.m2\repository\com\fasterxml\jackson\core\jackson-annotations\2.13.3\jackson-annotations-2.13.3.jar;C:\Users\pradn\.m2\repository\com\fasterxml\jackson\core\jackson-core\2.13.3\jackson-core-2.13.3.jar;C:\Users\pradn\.m2\repository\com\fasterxml\jackson\datatype\jackson-datatype-jdk8\2.13.3\jackson-datatype-jdk8-2.13.3.jar;C:\Users\pradn\.m2\repository\com\fasterxml\jackson\datatype\jackson-datat
Launcher Type: SUN_STANDARD

[Global flags]
     intx CICompilerCount                          = 4                                         {product} {ergonomic}
     uint ConcGCThreads                            = 2                                         {product} {ergonomic}
     uint G1ConcRefinementThreads                  = 8                                         {product} {ergonomic}
   size_t G1HeapRegionSize                         = 1048576                                   {product} {ergonomic}
    uintx GCDrainStackTargetSize                   = 64                                        {product} {ergonomic}
   size_t InitialHeapSize                          = 134217728                                 {product} {ergonomic}
     bool ManagementServer                         = true                                      {product} {command line}
   size_t MarkStackSize                            = 4194304                                   {product} {ergonomic}
   size_t MaxHeapSize                              = 2116026368                                {product} {ergonomic}
   size_t MaxNewSize                               = 1268776960                                {product} {ergonomic}
   size_t MinHeapDeltaBytes                        = 1048576                                   {product} {ergonomic}
   size_t MinHeapSize                              = 8388608                                   {product} {ergonomic}
    uintx NonProfiledCodeHeapSize                  = 0                                      {pd product} {ergonomic}
     bool ProfileInterpreter                       = false                                  {pd product} {command line}
    uintx ProfiledCodeHeapSize                     = 0                                      {pd product} {ergonomic}
     bool ShowCodeDetailsInExceptionMessages       = true                                   {manageable} {command line}
   size_t SoftMaxHeapSize                          = 2116026368                             {manageable} {ergonomic}
     intx TieredStopAtLevel                        = 1                                         {product} {command line}
     bool UseCompressedClassPointers               = true                           {product lp64_product} {ergonomic}
     bool UseCompressedOops                        = true                           {product lp64_product} {ergonomic}
     bool UseG1GC                                  = true                                      {product} {ergonomic}
     bool UseLargePagesIndividualAllocation        = false                                  {pd product} {ergonomic}

Logging:
Log output configuration:
 #0: stdout all=warning uptime,level,tags
 #1: stderr all=off uptime,level,tags

Environment Variables:
PATH=C:/Users/pradn/Downloads/sts-4.14.1.RELEASE//plugins/org.eclipse.justj.openjdk.hotspot.jre.full.win32.x86_64_17.0.2.v20220201-1208/jre/bin/server;C:/Users/pradn/Downloads/sts-4.14.1.RELEASE//plugins/org.eclipse.justj.openjdk.hotspot.jre.full.win32.x86_64_17.0.2.v20220201-1208/jre/bin;C:\Program Files\Common Files\Oracle\Java\javapath;C:\Python310\Scripts\;C:\Python310\;C:\Program Files\Microsoft MPI\Bin\;C:\Program Files (x86)\Intel\Intel(R) Management Engine Components\iCLS\;C:\Program Files\Intel\Intel(R) Management Engine Components\iCLS\;C:\Windows\system32;C:\Windows;C:\Windows\System32\Wbem;C:\Windows\System32\WindowsPowerShell\v1.0\;C:\Program Files (x86)\NVIDIA Corporation\PhysX\Common;C:\WINDOWS\system32;C:\WINDOWS;C:\WINDOWS\System32\Wbem;C:\WINDOWS\System32\WindowsPowerShell\v1.0\;C:\WINDOWS\System32\OpenSSH\;C:\Program Files (x86)\Intel\Intel(R) Management Engine Components\DAL;C:\Program Files\Intel\Intel(R) Management Engine Components\DAL;C:\Program Files (x86)\Intel\Intel(R) Management Engine Components\IPT;C:\Program Files\Intel\Intel(R) Management Engine Components\IPT;C:\Program Files\NVIDIA Corporation\NVIDIA NvDLISR;C:\Program Files (x86)\Microsoft SQL Server\100\Tools\Binn\;C:\Program Files (x86)\Microsoft SQL Server\100\DTS\Binn\;C:\Program Files (x86)\Microsoft SQL Server\100\Tools\Binn\VSShell\Common7\IDE\;C:\Program Files\dotnet\;C:\Program Files\Microsoft SQL Server\130\Tools\Binn\;C:\Program Files\Git\cmd;C:\WINDOWS\system32;C:\WINDOWS;C:\WINDOWS\System32\Wbem;C:\WINDOWS\System32\WindowsPowerShell\v1.0\;C:\WINDOWS\System32\OpenSSH\;C:\TDM-GCC-64\bin;C:\Users\pradn\Desktop\runtime\win64;C:\Users\pradn\Desktop\bin;C:\Program Files\Microsoft SQL Server\Client SDK\ODBC\170\Tools\Binn\;C:\Program Files (x86)\Microsoft SQL Server\150\Tools\Binn\;C:\Program Files\Microsoft SQL Server\150\Tools\Binn\;C:\Program Files\Microsoft SQL Server\150\DTS\Binn\;C:\Program Files\nodejs\;C:\ProgramData\chocolatey\bin;C:\Users\pradn\AppData\Local\Microsoft\
USERNAME=pradn
OS=Windows_NT
PROCESSOR_IDENTIFIER=Intel64 Family 6 Model 142 Stepping 10, GenuineIntel



---------------  S Y S T E M  ---------------

OS:
 Windows 10 , 64 bit Build 19041 (10.0.19041.1706)
OS uptime: 2 days 0:01 hours

CPU: total 8 (initial active 8) (4 cores per cpu, 2 threads per core) family 6 model 142 stepping 10 microcode 0xd6, cx8, cmov, fxsr, ht, mmx, 3dnowpref, sse, sse2, sse3, ssse3, sse4.1, sse4.2, popcnt, lzcnt, tsc, tscinvbit, avx, avx2, aes, erms, clmul, bmi1, bmi2, adx, fma, vzeroupper, clflush, clflushopt

Memory: 4k page, system-wide physical 8066M (590M free)
TotalPageFile size 12566M (AvailPageFile size 4M)
current process WorkingSet (physical memory assigned to process): 85M, peak: 85M
current process commit charge ("private bytes"): 224M, peak: 224M

vm_info: OpenJDK 64-Bit Server VM (17.0.2+8) for windows-amd64 JRE (17.0.2+8), built on Jan 20 2022 04:52:34 by "" with MS VC++ 16.7 (VS2019)

END.
